* Starting client
* Connecting to master process on port 16213
* Analyzing classpath: 
  - /home/ali/Desktop/jsoup-2/target/test-classes
  - /home/ali/Desktop/jsoup-2/target/classes
  - /home/ali/.m2/repository/junit/junit/4.12/junit-4.12.jar
  - /home/ali/.m2/repository/org/hamcrest/hamcrest-core/1.3/hamcrest-core-1.3.jar
  - /home/ali/.m2/repository/com/google/code/gson/gson/2.8.9/gson-2.8.9.jar
  - /home/ali/.m2/repository/org/eclipse/jetty/jetty-server/9.4.44.v20210927/jetty-server-9.4.44.v20210927.jar
  - /home/ali/.m2/repository/javax/servlet/javax.servlet-api/3.1.0/javax.servlet-api-3.1.0.jar
  - /home/ali/.m2/repository/org/eclipse/jetty/jetty-http/9.4.44.v20210927/jetty-http-9.4.44.v20210927.jar
  - /home/ali/.m2/repository/org/eclipse/jetty/jetty-util/9.4.44.v20210927/jetty-util-9.4.44.v20210927.jar
  - /home/ali/.m2/repository/org/eclipse/jetty/jetty-io/9.4.44.v20210927/jetty-io-9.4.44.v20210927.jar
  - /home/ali/.m2/repository/org/eclipse/jetty/jetty-servlet/9.4.44.v20210927/jetty-servlet-9.4.44.v20210927.jar
  - /home/ali/.m2/repository/org/eclipse/jetty/jetty-security/9.4.44.v20210927/jetty-security-9.4.44.v20210927.jar
  - /home/ali/.m2/repository/org/eclipse/jetty/jetty-util-ajax/9.4.44.v20210927/jetty-util-ajax-9.4.44.v20210927.jar
  - /home/ali/.m2/repository/com/google/code/findbugs/jsr305/3.0.2/jsr305-3.0.2.jar
* Finished analyzing classpath
* Generating tests for class org.jsoup.Jsoup
* Test criterion:
  - Branch Coverage
* Setting up search algorithm for whole suite generation
[MASTER] 00:35:35.332 [pool-2-thread-1] WARN  TestSuiteSerialization - Cannot load tests because file does not exist: /home/ali/Desktop/jsoup-2/.evosuite/evosuite-seeds/org.jsoup.Jsoup.seed
* Loaded 0 tests from /home/ali/Desktop/jsoup-2/.evosuite/evosuite-seeds/org.jsoup.Jsoup.seed
* Total number of test goals: 15
* Using seed 1647992126158
* Starting evolution
[MASTER] 00:35:35.493 [pool-2-thread-1] WARN  TimeController - Phase INITIALIZATION lasted too long, 3 seconds more than allowed.
* Search finished after 33s and 1 generations, 2231 statements, best individual has fitness: 0.0
* Writing sequences to pool
[MASTER] 00:36:24.234 [pool-2-thread-1] WARN  TimeController - Phase SEARCH lasted too long, 18 seconds more than allowed.
[MASTER] 00:36:24.289 [pool-2-thread-1] WARN  TimeController - Current phase MINIMIZATION could run up to 5s, but only 2s are left
* Skipping minimization because not enough time is left
* Going to analyze the coverage criteria
* Coverage analysis for criterion BRANCH
* Coverage of criterion BRANCH: 100%
* Total number of goals: 15
* Number of covered goals: 15
* Generated 11 tests with total length 58
* Resulting test suite's coverage: 100%
* Generating assertions
[MASTER] 00:36:24.339 [pool-2-thread-1] WARN  TimeController - Current phase ASSERTION_GENERATION could run up to 5s, but only 2s are left
* Skipping assertion generation because not enough time is left
* Compiling and checking tests
[MASTER] 00:36:24.375 [pool-2-thread-1] WARN  TimeController - Current phase JUNIT_CHECK could run up to 5s, but only 2s are left
[MASTER] 00:36:24.388 [pool-2-thread-1] WARN  TimeController - Current phase WRITING_TESTS could run up to 5s, but only 2s are left
* Writing JUnit test case 'Jsoup_ESTest' to /home/ali/Desktop/jsoup-2/.evosuite/tmp_2022_03_23_00_22_13/tests
* Done!

