* Starting client
* Connecting to master process on port 19987
* Analyzing classpath: 
  - /home/ali/Desktop/jsoup-2/target/test-classes
  - /home/ali/Desktop/jsoup-2/target/classes
  - /home/ali/.m2/repository/junit/junit/4.12/junit-4.12.jar
  - /home/ali/.m2/repository/org/hamcrest/hamcrest-core/1.3/hamcrest-core-1.3.jar
  - /home/ali/.m2/repository/com/google/code/gson/gson/2.8.9/gson-2.8.9.jar
  - /home/ali/.m2/repository/org/eclipse/jetty/jetty-server/9.4.44.v20210927/jetty-server-9.4.44.v20210927.jar
  - /home/ali/.m2/repository/javax/servlet/javax.servlet-api/3.1.0/javax.servlet-api-3.1.0.jar
  - /home/ali/.m2/repository/org/eclipse/jetty/jetty-http/9.4.44.v20210927/jetty-http-9.4.44.v20210927.jar
  - /home/ali/.m2/repository/org/eclipse/jetty/jetty-util/9.4.44.v20210927/jetty-util-9.4.44.v20210927.jar
  - /home/ali/.m2/repository/org/eclipse/jetty/jetty-io/9.4.44.v20210927/jetty-io-9.4.44.v20210927.jar
  - /home/ali/.m2/repository/org/eclipse/jetty/jetty-servlet/9.4.44.v20210927/jetty-servlet-9.4.44.v20210927.jar
  - /home/ali/.m2/repository/org/eclipse/jetty/jetty-security/9.4.44.v20210927/jetty-security-9.4.44.v20210927.jar
  - /home/ali/.m2/repository/org/eclipse/jetty/jetty-util-ajax/9.4.44.v20210927/jetty-util-ajax-9.4.44.v20210927.jar
  - /home/ali/.m2/repository/com/google/code/findbugs/jsr305/3.0.2/jsr305-3.0.2.jar
* Finished analyzing classpath
* Generating tests for class org.jsoup.parser.Tokeniser
* Test criterion:
  - Branch Coverage
* Setting up search algorithm for whole suite generation
[MASTER] 00:25:52.054 [pool-2-thread-1] WARN  TestSuiteSerialization - Cannot load tests because file does not exist: /home/ali/Desktop/jsoup-2/.evosuite/evosuite-seeds/org.jsoup.parser.Tokeniser.seed
* Loaded 0 tests from /home/ali/Desktop/jsoup-2/.evosuite/evosuite-seeds/org.jsoup.parser.Tokeniser.seed
* Total number of test goals: 105
* Using seed 1647991542117
* Starting evolution
* Search finished after 104s and 297 generations, 130535 statements, best individual has fitness: 28.888869904854175
* Writing sequences to pool
* Minimizing test suite
* Going to analyze the coverage criteria
* Coverage analysis for criterion BRANCH
* Coverage of criterion BRANCH: 69%
* Total number of goals: 105
* Number of covered goals: 72
* Generated 33 tests with total length 151
* Resulting test suite's coverage: 69%
* Generating assertions
* Resulting test suite's mutation score: 33%
* Compiling and checking tests
* Writing JUnit test case 'Tokeniser_ESTest' to /home/ali/Desktop/jsoup-2/.evosuite/tmp_2022_03_23_00_22_13/tests
* Done!

