* Starting client
* Connecting to master process on port 12947
* Analyzing classpath: 
  - /home/ali/Desktop/jsoup-2/target/test-classes
  - /home/ali/Desktop/jsoup-2/target/classes
  - /home/ali/.m2/repository/junit/junit/4.12/junit-4.12.jar
  - /home/ali/.m2/repository/org/hamcrest/hamcrest-core/1.3/hamcrest-core-1.3.jar
  - /home/ali/.m2/repository/com/google/code/gson/gson/2.8.9/gson-2.8.9.jar
  - /home/ali/.m2/repository/org/eclipse/jetty/jetty-server/9.4.44.v20210927/jetty-server-9.4.44.v20210927.jar
  - /home/ali/.m2/repository/javax/servlet/javax.servlet-api/3.1.0/javax.servlet-api-3.1.0.jar
  - /home/ali/.m2/repository/org/eclipse/jetty/jetty-http/9.4.44.v20210927/jetty-http-9.4.44.v20210927.jar
  - /home/ali/.m2/repository/org/eclipse/jetty/jetty-util/9.4.44.v20210927/jetty-util-9.4.44.v20210927.jar
  - /home/ali/.m2/repository/org/eclipse/jetty/jetty-io/9.4.44.v20210927/jetty-io-9.4.44.v20210927.jar
  - /home/ali/.m2/repository/org/eclipse/jetty/jetty-servlet/9.4.44.v20210927/jetty-servlet-9.4.44.v20210927.jar
  - /home/ali/.m2/repository/org/eclipse/jetty/jetty-security/9.4.44.v20210927/jetty-security-9.4.44.v20210927.jar
  - /home/ali/.m2/repository/org/eclipse/jetty/jetty-util-ajax/9.4.44.v20210927/jetty-util-ajax-9.4.44.v20210927.jar
  - /home/ali/.m2/repository/com/google/code/findbugs/jsr305/3.0.2/jsr305-3.0.2.jar
* Finished analyzing classpath
* Generating tests for class org.jsoup.nodes.Attribute
* Test criterion:
  - Branch Coverage
* Setting up search algorithm for whole suite generation
[MASTER] 00:29:28.730 [pool-2-thread-1] WARN  TestSuiteSerialization - Cannot load tests because file does not exist: /home/ali/Desktop/jsoup-2/.evosuite/evosuite-seeds/org.jsoup.nodes.Attribute.seed
* Loaded 0 tests from /home/ali/Desktop/jsoup-2/.evosuite/evosuite-seeds/org.jsoup.nodes.Attribute.seed
* Total number of test goals: 61
* Using seed 1647991756688
* Starting evolution
* Search finished after 74s and 138 generations, 49004 statements, best individual has fitness: 3.5
* Writing sequences to pool
* Minimizing test suite
* Going to analyze the coverage criteria
* Coverage analysis for criterion BRANCH
* Coverage of criterion BRANCH: 92%
* Total number of goals: 61
* Number of covered goals: 56
* Generated 25 tests with total length 67
* Resulting test suite's coverage: 92%
* Generating assertions
[MASTER] 00:30:53.485 [pool-2-thread-1] WARN  SimpleMutationAssertionGenerator - Assertion minimization is taking too long (0.686% of time used, but only 1/25 tests minimized), falling back to using all assertions
* Resulting test suite's mutation score: 0%
* Compiling and checking tests
* Permissions denied during test execution: 
  - java.lang.RuntimePermission: 
         writeFileDescriptor: 7
* Writing JUnit test case 'Attribute_ESTest' to /home/ali/Desktop/jsoup-2/.evosuite/tmp_2022_03_23_00_22_13/tests
* Done!

